error: unexpected end of input, expected parentheses
  --> $DIR/component-fail.rs:14:32
   |
14 |     let _: TemplateResult<G> = template! { Component };
   |                                ^^^^^^^^^^^^^^^^^^^^^^^
   |
   = note: this error originates in a macro (in Nightly builds, run with -Z macro-backtrace for more info)

error[E0425]: cannot find function, tuple struct or tuple variant `UnknownComponent` in this scope
  --> $DIR/component-fail.rs:12:44
   |
12 |     let _: TemplateResult<G> = template! { UnknownComponent() };
   |                                            ^^^^^^^^^^^^^^^^ not found in this scope

error[E0061]: this function takes 0 arguments but 1 argument was supplied
  --> $DIR/component-fail.rs:15:44
   |
15 |     let _: TemplateResult<G> = template! { Component(1) };
   |                                            ^^^^^^^^^ - supplied 1 argument
   |                                            |
   |                                            expected 0 arguments
   |
note: function defined here
  --> $DIR/component-fail.rs:5:4
   |
5  | fn Component<G: GenericNode>() -> TemplateResult<G> {
   |    ^^^^^^^^^
